# Logfile created on Fri Oct 05 10:18:08 +0100 2007 by logger.rb/1.5.2.9
query: id:moose class_name:moose purpose:moose name:moose description:moose title:moose research_area:moose summary:moose
stored_fields: 
query: id:moose class_name:moose purpose:moose name:moose description:moose title:moose research_area:moose summary:moose
stored_fields: 
query: id:moose class_name:moose purpose:moose name:moose description:moose title:moose research_area:moose summary:moose
stored_fields: 
query: id:moose class_name:moose purpose:moose name:moose description:moose title:moose research_area:moose summary:moose
stored_fields: 
query: id:moose class_name:moose purpose:moose name:moose description:moose title:moose research_area:moose summary:moose
stored_fields: 
query: id:moose class_name:moose purpose:moose name:moose description:moose title:moose research_area:moose summary:moose
stored_fields: 
query: id:moose class_name:moose purpose:moose name:moose description:moose title:moose research_area:moose summary:moose
stored_fields: 
query: id:moose class_name:moose purpose:moose name:moose description:moose title:moose research_area:moose summary:moose
stored_fields: 
query: id:moose class_name:moose purpose:moose name:moose description:moose title:moose research_area:moose summary:moose
stored_fields: 
query: id:moose class_name:moose purpose:moose name:moose description:moose title:moose research_area:moose summary:moose
stored_fields: 
query: id:moose class_name:moose purpose:moose name:moose description:moose title:moose research_area:moose summary:moose
stored_fields: 
query: id:task class_name:task purpose:task name:task description:task title:task research_area:task summary:task
stored_fields: 
query: id:task class_name:task purpose:task name:task description:task title:task research_area:task summary:task
stored_fields: 
query: id:task class_name:task purpose:task name:task description:task title:task research_area:task summary:task
stored_fields: 
query: id:task class_name:task purpose:task name:task description:task title:task research_area:task summary:task
stored_fields: 
query: id:task class_name:task purpose:task name:task description:task title:task research_area:task summary:task
stored_fields: 
query: id:task class_name:task purpose:task name:task description:task title:task research_area:task summary:task
stored_fields: 
query: id:task class_name:task purpose:task name:task description:task title:task research_area:task summary:task
stored_fields: 
query: id:task class_name:task purpose:task name:task description:task title:task research_area:task summary:task
stored_fields: 
query: id:task class_name:task purpose:task name:task description:task title:task research_area:task summary:task
stored_fields: 
query: id:moose class_name:moose purpose:moose name:moose description:moose title:moose research_area:moose summary:moose
stored_fields: 
query: id:task class_name:task purpose:task name:task description:task title:task research_area:task summary:task
stored_fields: 
query: id:moose class_name:moose purpose:moose name:moose description:moose title:moose research_area:moose summary:moose
stored_fields: 
query: id:moose class_name:moose purpose:moose name:moose description:moose title:moose research_area:moose summary:moose
stored_fields: 
query: id:moose class_name:moose purpose:moose name:moose description:moose title:moose research_area:moose summary:moose
stored_fields: 
query: id:moose class_name:moose purpose:moose name:moose description:moose title:moose research_area:moose summary:moose
stored_fields: 
query: id:moose class_name:moose purpose:moose name:moose description:moose title:moose research_area:moose summary:moose
stored_fields: 
query: id:hits class_name:hits purpose:hits name:hits description:hits title:hits research_area:hits summary:hits
stored_fields: 
query: id:ic50 class_name:ic50 purpose:ic50 name:ic50 description:ic50 title:ic50 research_area:ic50 summary:ic50
stored_fields: 
query: id:moose class_name:moose purpose:moose name:moose description:moose title:moose research_area:moose summary:moose
stored_fields: 
rebuild index: [["Compound", "Batch", "Plate", "Container", "Project"]]
reindexing model Compound
reindex model Compound : 0.00% complete : 271.85 secs to finish
reindex model Compound : 6.25% complete : 254.75 secs to finish
reindex model Compound : 12.50% complete : 236.42 secs to finish
reindex model Compound : 18.75% complete : 223.38 secs to finish
reindex model Compound : 25.00% complete : 221.44 secs to finish
reindex model Compound : 31.25% complete : 204.61 secs to finish
reindex model Compound : 37.50% complete : 209.90 secs to finish
reindex model Compound : 43.75% complete : 200.75 secs to finish
reindex model Compound : 50.00% complete : 191.72 secs to finish
reindex model Compound : 56.25% complete : 157.46 secs to finish
reindex model Compound : 62.50% complete : 128.16 secs to finish
reindex model Compound : 68.75% complete : 101.88 secs to finish
reindex model Compound : 75.00% complete : 93.34 secs to finish
reindex model Compound : 81.24% complete : 73.64 secs to finish
reindex model Compound : 87.49% complete : 59.73 secs to finish
reindex model Compound : 93.74% complete : 43.23 secs to finish
reindex model Compound : 99.99% complete : 0.34 secs to finish
reindexing model Batch
reindex model Batch : 0.00% complete : 0.20 secs to finish
reindexing model Plate
reindex model Plate : 0.00% complete : 0.00 secs to finish
reindexing model Container
reindex model Container : 0.00% complete : 0.00 secs to finish
reindexing model Project
reindex model Project : 0.00% complete : 0.16 secs to finish
reindexing model ProjectElement
reindex model ProjectElement : 0.00% complete : 9.63 secs to finish
Created Ferret index in: /home/rshell/biorails/core/trunk/config/../index/production/shared
rebuild index: [["Study", "StudyProtocol", "StudyParameter", "StudyQueue", "Project", "ProjectElement", "Experiment", "Task", "Request", "RequestService"]]
reindexing model Study
reindex model Study : 0.00% complete : 0.11 secs to finish
reindexing model StudyProtocol
reindex model StudyProtocol : 0.00% complete : 0.22 secs to finish
reindexing model StudyParameter
reindex model StudyParameter : 0.00% complete : 1.56 secs to finish
reindexing model StudyQueue
reindex model StudyQueue : 0.00% complete : 0.10 secs to finish
reindexing model Project
reindex model Project : 0.00% complete : 0.16 secs to finish
reindexing model ProjectElement
reindex model ProjectElement : 0.00% complete : 7.57 secs to finish
reindexing model Experiment
reindex model Experiment : 0.00% complete : 0.55 secs to finish
reindexing model Task
reindex model Task : 0.00% complete : 1.81 secs to finish
reindexing model Request
reindex model Request : 0.00% complete : 0.17 secs to finish
reindexing model RequestService
reindex model RequestService : 0.00% complete : 0.40 secs to finish
Created Ferret index in: /home/rshell/biorails/core/trunk/config/../index/production/shared
query: id:moose class_name:moose purpose:moose name:moose description:moose title:moose research_area:moose summary:moose
stored_fields: 
query: id:moose class_name:moose purpose:moose description:moose name:moose summary:moose title:moose research_area:moose
stored_fields: 
rebuild index: []
reindexing model ProjectElement
reindex model ProjectElement : 0.00% complete : 1.90 secs to finish
Created Ferret index in: script/../config/../index/oracle/shared
